[35m[HTTP][39m [37m-->[39m [37mPOST[39m [37m/session[39m
[35m[HTTP][39m [90m{"capabilities":{"alwaysMatch":{"appium:automationName":"UiAutomator2","appium:platformName":"Android","appium:udid":"59d72d07","appium:appPackage":"com.teliacompany.lt.teliatv","appium:appActivity":".MainActivity"},"firstMatch":[{}]},"desiredCapabilities":{"appium:automationName":"UiAutomator2","appium:platformName":"Android","appium:udid":"59d72d07","appium:appPackage":"com.teliacompany.lt.teliatv","appium:appActivity":".MainActivity"}}[39m
[debug] [35m[W3C][39m Calling AppiumDriver.createSession() with args: [{"appium:automationName":"UiAutomator2","appium:platformName":"Android","appium:udid":"59d72d07","appium:appPackage":"com.teliacompany.lt.teliatv","appium:appActivity":".MainActivity"},null,{"alwaysMatch":{"appium:automationName":"UiAutomator2","appium:platformName":"Android","appium:udid":"59d72d07","appium:appPackage":"com.teliacompany.lt.teliatv","appium:appActivity":".MainActivity"},"firstMatch":[{}]}]
[debug] [35m[BaseDriver][39m Event 'newSessionRequested' logged at 1680855987146 (11:26:27 GMT+0300 (Eastern European Summer Time))
[35m[BaseDriver][39m The capabilities ["platformName"] are standard capabilities and do not require "appium:" prefix
[35m[Appium][39m Appium v1.22.3 creating new AndroidUiautomator2Driver (v1.70.1) session
[35m[Appium][39m Applying relaxed security to 'AndroidUiautomator2Driver' as per server command line argument. All insecure features will be enabled unless explicitly disabled by --deny-insecure
[debug] [35m[BaseDriver][39m W3C capabilities and MJSONWP desired capabilities were provided
[debug] [35m[BaseDriver][39m Creating session with W3C capabilities: {
[debug] [35m[BaseDriver][39m   "alwaysMatch": {
[debug] [35m[BaseDriver][39m     "appium:automationName": "UiAutomator2",
[debug] [35m[BaseDriver][39m     "platformName": "Android",
[debug] [35m[BaseDriver][39m     "appium:udid": "59d72d07",
[debug] [35m[BaseDriver][39m     "appium:appPackage": "com.teliacompany.lt.teliatv",
[debug] [35m[BaseDriver][39m     "appium:appActivity": ".MainActivity"
[debug] [35m[BaseDriver][39m   },
[debug] [35m[BaseDriver][39m   "firstMatch": [
[debug] [35m[BaseDriver][39m     {}
[debug] [35m[BaseDriver][39m   ]
[debug] [35m[BaseDriver][39m }
[35m[BaseDriver][39m Session created with session id: 5028d3dc-d5e4-4da9-84a8-65e398ef4c81
[35m[UiAutomator2][39m Starting 'com.teliacompany.lt.teliatv' directly on the device
[35m[ADB][39m Found 2 'build-tools' folders under 'C:\Users\gaile\AppData\Local\Android\Sdk' (newest first):
[35m[ADB][39m     C:/Users/gaile/AppData/Local/Android/Sdk/build-tools/33.0.2
[35m[ADB][39m     C:/Users/gaile/AppData/Local/Android/Sdk/build-tools/30.0.3
[35m[ADB][39m Using 'adb.exe' from 'C:\Users\gaile\AppData\Local\Android\Sdk\platform-tools\adb.exe'
[debug] [35m[ADB][39m Running 'C:\Users\gaile\AppData\Local\Android\Sdk\platform-tools\adb.exe -P 5037 start-server'
[35m[AndroidDriver][39m Retrieving device list
[debug] [35m[ADB][39m Trying to find a connected android device
[debug] [35m[ADB][39m Getting connected devices
[debug] [35m[ADB][39m Connected devices: [{"udid":"59d72d07","state":"device"}]
[35m[AndroidDriver][39m Using device: 59d72d07
[35m[ADB][39m Using 'adb.exe' from 'C:\Users\gaile\AppData\Local\Android\Sdk\platform-tools\adb.exe'
[debug] [35m[ADB][39m Running 'C:\Users\gaile\AppData\Local\Android\Sdk\platform-tools\adb.exe -P 5037 start-server'
[debug] [35m[ADB][39m Setting device id to 59d72d07
[debug] [35m[ADB][39m Running 'C:\Users\gaile\AppData\Local\Android\Sdk\platform-tools\adb.exe -P 5037 -s 59d72d07 shell getprop ro.build.version.sdk'
[debug] [35m[ADB][39m Current device property 'ro.build.version.sdk': 31
[35m[ADB][39m Getting device platform version
[debug] [35m[ADB][39m Running 'C:\Users\gaile\AppData\Local\Android\Sdk\platform-tools\adb.exe -P 5037 -s 59d72d07 shell getprop ro.build.version.release'
[debug] [35m[ADB][39m Current device property 'ro.build.version.release': 12
[debug] [35m[ADB][39m Device API level: 31
[35m[UiAutomator2][39m Relaxing hidden api policy
[debug] [35m[ADB][39m Running 'C:\Users\gaile\AppData\Local\Android\Sdk\platform-tools\adb.exe -P 5037 -s 59d72d07 shell 'settings put global hidden_api_policy_pre_p_apps 1;settings put global hidden_api_policy_p_apps 1;settings put global hidden_api_policy 1''
[35m[AndroidDriver][39m No app sent in, not parsing package/activity
[debug] [35m[ADB][39m Running 'C:\Users\gaile\AppData\Local\Android\Sdk\platform-tools\adb.exe -P 5037 -s 59d72d07 wait-for-device'
[debug] [35m[ADB][39m Running 'C:\Users\gaile\AppData\Local\Android\Sdk\platform-tools\adb.exe -P 5037 -s 59d72d07 shell echo ping'
[debug] [35m[AndroidDriver][39m Pushing settings apk to device...
[debug] [35m[ADB][39m Getting install status for io.appium.settings
[debug] [35m[ADB][39m Running 'C:\Users\gaile\AppData\Local\Android\Sdk\platform-tools\adb.exe -P 5037 -s 59d72d07 shell dumpsys package io.appium.settings'
[debug] [35m[ADB][39m 'io.appium.settings' is installed
[debug] [35m[ADB][39m Getting package info for 'io.appium.settings'
[debug] [35m[ADB][39m Running 'C:\Users\gaile\AppData\Local\Android\Sdk\platform-tools\adb.exe -P 5037 -s 59d72d07 shell dumpsys package io.appium.settings'
[debug] [35m[ADB][39m The version name of the installed 'io.appium.settings' is greater or equal to the application version name ('3.4.0' >= '3.4.0')
[debug] [35m[ADB][39m There is no need to install/upgrade 'C:\Users\gaile\Desktop\appium\node_modules\appium\node_modules\io.appium.settings\apks\settings_apk-debug.apk'
[debug] [35m[ADB][39m Getting IDs of all 'io.appium.settings' processes
[debug] [35m[ADB][39m Running 'C:\Users\gaile\AppData\Local\Android\Sdk\platform-tools\adb.exe -P 5037 -s 59d72d07 shell 'pgrep --help; echo $?''
[debug] [35m[ADB][39m Running 'C:\Users\gaile\AppData\Local\Android\Sdk\platform-tools\adb.exe -P 5037 -s 59d72d07 shell pgrep -f \(\[\[:blank:\]\]\|\^\)io\.appium\.settings\(\[\[:blank:\]\]\|\$\)'
[debug] [35m[AndroidDriver][39m io.appium.settings is already running. There is no need to reset its permissions.
[debug] [35m[ADB][39m Running 'C:\Users\gaile\AppData\Local\Android\Sdk\platform-tools\adb.exe -P 5037 -s 59d72d07 shell appops set io.appium.settings android:mock_location allow'
[debug] [35m[Logcat][39m Starting logs capture with command: C:\\Users\\gaile\\AppData\\Local\\Android\\Sdk\\platform-tools\\adb.exe -P 5037 -s 59d72d07 logcat -v threadtime
[debug] [35m[UiAutomator2][39m Forwarding UiAutomator2 Server port 6790 to local port 8200
[debug] [35m[ADB][39m Forwarding system: 8200 to device: 6790
[debug] [35m[ADB][39m Running 'C:\Users\gaile\AppData\Local\Android\Sdk\platform-tools\adb.exe -P 5037 -s 59d72d07 forward tcp:8200 tcp:6790'
[debug] [35m[ADB][39m Getting install status for io.appium.uiautomator2.server
[debug] [35m[ADB][39m Running 'C:\Users\gaile\AppData\Local\Android\Sdk\platform-tools\adb.exe -P 5037 -s 59d72d07 shell dumpsys package io.appium.uiautomator2.server'
[debug] [35m[ADB][39m 'io.appium.uiautomator2.server' is installed
[debug] [35m[ADB][39m Getting package info for 'io.appium.uiautomator2.server'
[debug] [35m[ADB][39m Running 'C:\Users\gaile\AppData\Local\Android\Sdk\platform-tools\adb.exe -P 5037 -s 59d72d07 shell dumpsys package io.appium.uiautomator2.server'
[debug] [35m[ADB][39m The version name of the installed 'io.appium.uiautomator2.server' is greater or equal to the application version name ('4.27.0' >= '4.27.0')
[debug] [35m[UiAutomator2][39m io.appium.uiautomator2.server installation state: sameVersionInstalled
[debug] [35m[ADB][39m Checking app cert for C:\Users\gaile\Desktop\appium\node_modules\appium\node_modules\appium-uiautomator2-server\apks\appium-uiautomator2-server-v4.27.0.apk
[35m[ADB][39m Using 'apksigner.jar' from 'C:\Users\gaile\AppData\Local\Android\Sdk\build-tools\33.0.2\lib\apksigner.jar'
[debug] [35m[ADB][39m Starting apksigner: 'C:\\Program Files\\Java\\jdk-19\\bin\\java.exe' -Xmx1024M -Xss1m -jar C:\\Users\\gaile\\AppData\\Local\\Android\\Sdk\\build-tools\\33.0.2\\lib\\apksigner.jar verify --print-certs C:\\Users\\gaile\\Desktop\\appium\\node_modules\\appium\\node_modules\\appium-uiautomator2-server\\apks\\appium-uiautomator2-server-v4.27.0.apk
[debug] [35m[ADB][39m apksigner stdout: Signer #1 certificate DN: EMAILADDRESS=android@android.com, CN=Android, OU=Android, O=Android, L=Mountain View, ST=California, C=US
[debug] [35m[ADB][39m Signer #1 certificate SHA-256 digest: a40da80a59d170caa950cf15c18c454d47a39b26989d8b640ecd745ba71bf5dc
[debug] [35m[ADB][39m Signer #1 certificate SHA-1 digest: 61ed377e85d386a8dfee6b864bd85b0bfaa5af81
[debug] [35m[ADB][39m Signer #1 certificate MD5 digest: e89b158e4bcf988ebd09eb83f5378e87
[debug] [35m[ADB][39m 
[debug] [35m[ADB][39m sha256 hash did match for 'appium-uiautomator2-server-v4.27.0.apk'
[35m[ADB][39m 'C:\Users\gaile\Desktop\appium\node_modules\appium\node_modules\appium-uiautomator2-server\apks\appium-uiautomator2-server-v4.27.0.apk' is signed with the default certificate
[debug] [35m[ADB][39m Getting install status for io.appium.uiautomator2.server.test
[debug] [35m[ADB][39m Running 'C:\Users\gaile\AppData\Local\Android\Sdk\platform-tools\adb.exe -P 5037 -s 59d72d07 shell dumpsys package io.appium.uiautomator2.server.test'
[debug] [35m[ADB][39m 'io.appium.uiautomator2.server.test' is installed
[debug] [35m[ADB][39m Checking app cert for C:\Users\gaile\Desktop\appium\node_modules\appium\node_modules\appium-uiautomator2-server\apks\appium-uiautomator2-server-debug-androidTest.apk
[debug] [35m[ADB][39m Starting apksigner: 'C:\\Program Files\\Java\\jdk-19\\bin\\java.exe' -Xmx1024M -Xss1m -jar C:\\Users\\gaile\\AppData\\Local\\Android\\Sdk\\build-tools\\33.0.2\\lib\\apksigner.jar verify --print-certs C:\\Users\\gaile\\Desktop\\appium\\node_modules\\appium\\node_modules\\appium-uiautomator2-server\\apks\\appium-uiautomator2-server-debug-androidTest.apk
[debug] [35m[ADB][39m apksigner stdout: Signer #1 certificate DN: EMAILADDRESS=android@android.com, CN=Android, OU=Android, O=Android, L=Mountain View, ST=California, C=US
[debug] [35m[ADB][39m Signer #1 certificate SHA-256 digest: a40da80a59d170caa950cf15c18c454d47a39b26989d8b640ecd745ba71bf5dc
[debug] [35m[ADB][39m Signer #1 certificate SHA-1 digest: 61ed377e85d386a8dfee6b864bd85b0bfaa5af81
[debug] [35m[ADB][39m Signer #1 certificate MD5 digest: e89b158e4bcf988ebd09eb83f5378e87
[debug] [35m[ADB][39m 
[debug] [35m[ADB][39m sha256 hash did match for 'appium-uiautomator2-server-debug-androidTest.apk'
[35m[ADB][39m 'C:\Users\gaile\Desktop\appium\node_modules\appium\node_modules\appium-uiautomator2-server\apks\appium-uiautomator2-server-debug-androidTest.apk' is signed with the default certificate
[35m[UiAutomator2][39m Server packages are not going to be (re)installed
[debug] [35m[UiAutomator2][39m Waiting up to 30000ms for services to be available
[debug] [35m[ADB][39m Running 'C:\Users\gaile\AppData\Local\Android\Sdk\platform-tools\adb.exe -P 5037 -s 59d72d07 shell pm list instrumentation'
[debug] [35m[UiAutomator2][39m Instrumentation target 'io.appium.uiautomator2.server.test/androidx.test.runner.AndroidJUnitRunner' is available
[35m[ADB][39m Adding packages ["io.appium.settings","io.appium.uiautomator2.server","io.appium.uiautomator2.server.test"] to Doze whitelist
[debug] [35m[ADB][39m Got the following command chunks to execute: [["dumpsys","deviceidle","whitelist","+io.appium.settings",";","dumpsys","deviceidle","whitelist","+io.appium.uiautomator2.server",";","dumpsys","deviceidle","whitelist","+io.appium.uiautomator2.server.test",";"]]
[debug] [35m[ADB][39m Running 'C:\Users\gaile\AppData\Local\Android\Sdk\platform-tools\adb.exe -P 5037 -s 59d72d07 shell dumpsys deviceidle whitelist +io.appium.settings ; dumpsys deviceidle whitelist +io.appium.uiautomator2.server ; dumpsys deviceidle whitelist +io.appium.uiautomator2.server.test ;'
[debug] [35m[UiAutomator2][39m No app capability. Assuming it is already on the device
[debug] [35m[ADB][39m Getting install status for com.teliacompany.lt.teliatv
[debug] [35m[ADB][39m Running 'C:\Users\gaile\AppData\Local\Android\Sdk\platform-tools\adb.exe -P 5037 -s 59d72d07 shell dumpsys package com.teliacompany.lt.teliatv'
[debug] [35m[ADB][39m 'com.teliacompany.lt.teliatv' is installed
[debug] [35m[ADB][39m Running 'C:\Users\gaile\AppData\Local\Android\Sdk\platform-tools\adb.exe -P 5037 -s 59d72d07 shell am force-stop com.teliacompany.lt.teliatv'
[debug] [35m[ADB][39m Running 'C:\Users\gaile\AppData\Local\Android\Sdk\platform-tools\adb.exe -P 5037 -s 59d72d07 shell pm clear com.teliacompany.lt.teliatv'
[debug] [35m[AndroidDriver][39m Performed fast reset on the installed 'com.teliacompany.lt.teliatv' application (stop and clear)
[debug] [35m[UiAutomator2][39m Performing shallow cleanup of automation leftovers
[debug] [35m[UiAutomator2][39m No obsolete sessions have been detected (socket hang up)
[debug] [35m[ADB][39m Running 'C:\Users\gaile\AppData\Local\Android\Sdk\platform-tools\adb.exe -P 5037 -s 59d72d07 shell am force-stop io.appium.uiautomator2.server.test'
[35m[UiAutomator2][39m Starting UIAutomator2 server 4.27.0
[35m[UiAutomator2][39m Using UIAutomator2 server from 'C:\Users\gaile\Desktop\appium\node_modules\appium\node_modules\appium-uiautomator2-server\apks\appium-uiautomator2-server-v4.27.0.apk' and test from 'C:\Users\gaile\Desktop\appium\node_modules\appium\node_modules\appium-uiautomator2-server\apks\appium-uiautomator2-server-debug-androidTest.apk'
[35m[UiAutomator2][39m Waiting up to 30000ms for UiAutomator2 to be online...
[debug] [35m[ADB][39m Creating ADB subprocess with args: ["-P",5037,"-s","59d72d07","shell","am","instrument","-w","-e","disableAnalytics",true,"io.appium.uiautomator2.server.test/androidx.test.runner.AndroidJUnitRunner"]
[debug] [35m[WD Proxy][39m Matched '/status' to command name 'getStatus'
[debug] [35m[WD Proxy][39m Proxying [GET /status] to [GET http://127.0.0.1:8200/wd/hub/status] with no body
[35m[WD Proxy][39m socket hang up
[debug] [35m[Instrumentation][39m io.appium.uiautomator2.server.test.AppiumUiAutomator2Server:
[debug] [35m[WD Proxy][39m Matched '/status' to command name 'getStatus'
[debug] [35m[WD Proxy][39m Proxying [GET /status] to [GET http://127.0.0.1:8200/wd/hub/status] with no body
[35m[WD Proxy][39m socket hang up
[debug] [35m[WD Proxy][39m Matched '/status' to command name 'getStatus'
[debug] [35m[WD Proxy][39m Proxying [GET /status] to [GET http://127.0.0.1:8200/wd/hub/status] with no body
[debug] [35m[WD Proxy][39m Got response with status 200: {"sessionId":"None","value":{"message":"UiAutomator2 Server is ready to accept commands","ready":true}}
[debug] [35m[UiAutomator2][39m The initialization of the instrumentation process took 2083ms
[debug] [35m[WD Proxy][39m Matched '/session' to command name 'createSession'
[debug] [35m[WD Proxy][39m Proxying [POST /session] to [POST http://127.0.0.1:8200/wd/hub/session] with body: {"capabilities":{"firstMatch":[{"platform":"LINUX","webStorageEnabled":false,"takesScreenshot":true,"javascriptEnabled":true,"databaseEnabled":false,"networkConnectionEnabled":true,"locationContextEnabled":false,"warnings":{},"desired":{"platformName":"Android","automationName":"UiAutomator2","udid":"59d72d07","appPackage":"com.teliacompany.lt.teliatv","appActivity":".MainActivity"},"platformName":"Android","automationName":"UiAutomator2","udid":"59d72d07","appPackage":"com.teliacompany.lt.teliatv","appActivity":".MainActivity","deviceName":"59d72d07","deviceUDID":"59d72d07"}],"alwaysMatch":{}}}
[debug] [35m[WD Proxy][39m Got response with status 200: {"sessionId":"0bbf10b1-bd72-455a-97ba-391d3443c6f8","value":{"capabilities":{"firstMatch":[{"platform":"LINUX","webStorageEnabled":false,"takesScreenshot":true,"javascriptEnabled":true,"databaseEnabled":false,"networkConnectionEnabled":true,"locationContextEnabled":false,"warnings":{},"desired":{"platformName":"Android","automationName":"UiAutomator2","udid":"59d72d07","appPackage":"com.teliacompany.lt.teliatv","appActivity":".MainActivity"},"platformName":"Android","automationName":"UiAutomator2","udid":"59d72d07","appPackage":"com.teliacompany.lt.teliatv","appActivity":".MainActivity","deviceName":"59d72d07","deviceUDID":"59d72d07"}],"alwaysMatch":{}},"sessionId":"0bbf10b1-bd72-455a-97ba-391d3443c6f8"}}
[35m[WD Proxy][39m Determined the downstream protocol as 'W3C'
[debug] [35m[WD Proxy][39m Proxying [GET /appium/device/info] to [GET http://127.0.0.1:8200/wd/hub/session/0bbf10b1-bd72-455a-97ba-391d3443c6f8/appium/device/info] with no body
[debug] [35m[WD Proxy][39m Got response with status 200: {"sessionId":"0bbf10b1-bd72-455a-97ba-391d3443c6f8","value":{"androidId":"eb0553ef32da2668","apiVersion":"31","bluetooth":{"state":"ON"},"brand":"OnePlus","carrierName":"","displayDensity":382,"locale":"en_GB","manufacturer":"OnePlus","model":"AC2003","networks":[{"capabilities":{"SSID":null,"linkDownBandwidthKbps":39323,"linkUpstreamBandwidthKbps":24523,"networkCapabilities":"NET_CAPABILITY_NOT_METERED,NET_CAPABILITY_INTERNET,NET_CAPABILITY_NOT_RESTRICTED,NET_CAPABILITY_TRUSTED,NET_CAPABILITY_NOT_VPN,NET_CAPABILITY_VALIDATED,NET_CAPABILITY_NOT_ROAMING,NET_CAPABILITY_FOREGROUND,NET_CAPABILITY_NOT_CONGESTED,NET_CAPABILITY_NOT_SUSPENDED","signalStrength":-49,"transportTypes":"TRANSPORT_WIFI"},"detailedState":"CONNECTED","extraInfo":"","isAvailable":true,"isConnected":true,"isFailover":false,"isRoaming":false,"state":"CONNECTED","subtype":-1,"subtypeName":"","type":1,"typeName":"WIFI"}],"platformVersion":"12","realDisplaySize":"1080x2400","timeZone":"Europe/Vilnius"}}
[debug] [35m[ADB][39m Running 'C:\Users\gaile\AppData\Local\Android\Sdk\platform-tools\adb.exe -P 5037 -s 59d72d07 shell dumpsys window'
[35m[AndroidDriver][39m Screen already unlocked, doing nothing
[35m[UiAutomator2][39m Starting 'com.teliacompany.lt.teliatv/.MainActivity and waiting for 'com.teliacompany.lt.teliatv/.MainActivity'
[debug] [35m[ADB][39m Running 'C:\Users\gaile\AppData\Local\Android\Sdk\platform-tools\adb.exe -P 5037 -s 59d72d07 shell am start -W -n com.teliacompany.lt.teliatv/.MainActivity -S -a android.intent.action.MAIN -c android.intent.category.LAUNCHER -f 0x10200000'
[debug] [35m[WD Proxy][39m Proxying [GET /appium/device/pixel_ratio] to [GET http://127.0.0.1:8200/wd/hub/session/0bbf10b1-bd72-455a-97ba-391d3443c6f8/appium/device/pixel_ratio] with no body
[debug] [35m[WD Proxy][39m Got response with status 200: {"sessionId":"0bbf10b1-bd72-455a-97ba-391d3443c6f8","value":2.3875}
[debug] [35m[WD Proxy][39m Matched '/appium/device/system_bars' to command name 'getSystemBars'
[debug] [35m[WD Proxy][39m Proxying [GET /appium/device/system_bars] to [GET http://127.0.0.1:8200/wd/hub/session/0bbf10b1-bd72-455a-97ba-391d3443c6f8/appium/device/system_bars] with no body
[debug] [35m[WD Proxy][39m Got response with status 200: {"sessionId":"0bbf10b1-bd72-455a-97ba-391d3443c6f8","value":{"statusBar":113}}
[debug] [35m[WD Proxy][39m Matched '/window/current/size' to command name 'getWindowSize'
[debug] [35m[WD Proxy][39m Proxying [GET /window/current/size] to [GET http://127.0.0.1:8200/wd/hub/session/0bbf10b1-bd72-455a-97ba-391d3443c6f8/window/current/size] with no body
[debug] [35m[WD Proxy][39m Got response with status 200: {"sessionId":"0bbf10b1-bd72-455a-97ba-391d3443c6f8","value":{"height":2182,"width":1080}}
[35m[Appium][39m New AndroidUiautomator2Driver session created successfully, session 5028d3dc-d5e4-4da9-84a8-65e398ef4c81 added to master session list
[debug] [35m[BaseDriver][39m Event 'newSessionStarted' logged at 1680855993901 (11:26:33 GMT+0300 (Eastern European Summer Time))
[debug] [35m[W3C (5028d3dc)][39m Cached the protocol value 'W3C' for the new session 5028d3dc-d5e4-4da9-84a8-65e398ef4c81
[debug] [35m[W3C (5028d3dc)][39m Responding to client with driver.createSession() result: {"capabilities":{"platform":"LINUX","webStorageEnabled":false,"takesScreenshot":true,"javascriptEnabled":true,"databaseEnabled":false,"networkConnectionEnabled":true,"locationContextEnabled":false,"warnings":{},"desired":{"platformName":"Android","automationName":"UiAutomator2","udid":"59d72d07","appPackage":"com.teliacompany.lt.teliatv","appActivity":".MainActivity"},"platformName":"Android","automationName":"UiAutomator2","udid":"59d72d07","appPackage":"com.teliacompany.lt.teliatv","appActivity":".MainActivity","deviceName":"59d72d07","deviceUDID":"59d72d07","deviceApiLevel":31,"platformVersion":"12","deviceScreenSize":"1080x2400","deviceScreenDensity":382,"deviceModel":"AC2003","deviceManufacturer":"OnePlus","pixelRatio":2.3875,"statBarHeight":113,"viewportRect":{"left":0,"top":113,"width":1080,"height":2069}}}
[35m[HTTP][39m [37m<-- POST /session [39m[32m200[39m [90m6758 ms - 886[39m
[35m[HTTP][39m [90m[39m
[35m[HTTP][39m [37m-->[39m [37mPOST[39m [37m/session/5028d3dc-d5e4-4da9-84a8-65e398ef4c81/element[39m
[35m[HTTP][39m [90m{"using":"css selector","value":"#00000000-0000-00d4-ffff-ffff000005aa"}[39m
[debug] [35m[W3C (5028d3dc)][39m Calling AppiumDriver.findElement() with args: ["css selector","#00000000-0000-00d4-ffff-ffff000005aa","5028d3dc-d5e4-4da9-84a8-65e398ef4c81"]
[debug] [35m[BaseDriver][39m Valid locator strategies for this request: xpath, id, class name, accessibility id, css selector, -android uiautomator
[debug] [35m[BaseDriver][39m Waiting up to 0 ms for condition
[debug] [35m[WD Proxy][39m Matched '/element' to command name 'findElement'
[debug] [35m[WD Proxy][39m Proxying [POST /element] to [POST http://127.0.0.1:8200/wd/hub/session/0bbf10b1-bd72-455a-97ba-391d3443c6f8/element] with body: {"strategy":"-android uiautomator","selector":"new UiSelector().resourceId(\"android:id/00000000-0000-00d4-ffff-ffff000005aa\")","context":"","multiple":false}
[35m[WD Proxy][39m Got response with status 404: {"sessionId":"0bbf10b1-bd72-455a-97ba-391d3443c6f8","value":{"error":"no such element","message":"An element could not be located on the page using the given search parameters","stacktrace":"io.appium.uiautomator2.common.exceptions.ElementNotFoundException: An element could not be located on the page using the given search parameters\n\tat io.appium.uiautomator2.handler.FindElement.safeHandle(FindElement.java:70)\n\tat io.appium.uiautomator2.handler.request.SafeRequestHandler.handle(SafeRequestHandler.java:59)\n\tat io.appium.uiautomator2.server.AppiumServlet.handleRequest(AppiumServlet.java:266)\n\tat io.appium.uiautomator2.server.AppiumServlet.handleHttpRequest(AppiumServlet.java:260)\n\tat io.appium.uiautomator2.http.ServerHandler.channelRead(ServerHandler.java:68)\n\tat io.netty.channel.AbstractChannelHandlerContext.invokeChannelRead(AbstractChannelHandlerContext.java:366)\n\tat io.netty.channel.AbstractChannelHandlerContext.invokeChannelRead(AbstractChannelHandlerContext.java:352)\n\tat io.netty.chann...
[debug] [35m[W3C][39m Matched W3C error code 'no such element' to NoSuchElementError
[debug] [35m[W3C (5028d3dc)][39m Encountered internal error running command: NoSuchElementError: An element could not be located on the page using the given search parameters.
[debug] [35m[W3C (5028d3dc)][39m     at AndroidUiautomator2Driver.findElOrEls (C:\Users\gaile\Desktop\appium\node_modules\appium\node_modules\appium-android-driver\lib\commands\find.js:75:11)
[debug] [35m[W3C (5028d3dc)][39m     at processTicksAndRejections (node:internal/process/task_queues:95:5)
[debug] [35m[W3C (5028d3dc)][39m     at AndroidUiautomator2Driver.findElOrElsWithProcessing (C:\Users\gaile\Desktop\appium\node_modules\appium\node_modules\appium-base-driver\lib\basedriver\commands\find.js:33:12)
[debug] [35m[W3C (5028d3dc)][39m     at AndroidUiautomator2Driver.findElement (C:\Users\gaile\Desktop\appium\node_modules\appium\node_modules\appium-base-driver\lib\basedriver\commands\find.js:53:10)
[35m[HTTP][39m [37m<-- POST /session/5028d3dc-d5e4-4da9-84a8-65e398ef4c81/element [39m[33m404[39m [90m1754 ms - 862[39m
[35m[HTTP][39m [90m[39m
[35m[HTTP][39m [37m-->[39m [37mPOST[39m [37m/session/5028d3dc-d5e4-4da9-84a8-65e398ef4c81/elements[39m
[35m[HTTP][39m [90m{"using":"css selector","value":"#00000000-0000-00d4-ffff-ffff000005aa"}[39m
[debug] [35m[W3C (5028d3dc)][39m Calling AppiumDriver.findElements() with args: ["css selector","#00000000-0000-00d4-ffff-ffff000005aa","5028d3dc-d5e4-4da9-84a8-65e398ef4c81"]
[debug] [35m[BaseDriver][39m Valid locator strategies for this request: xpath, id, class name, accessibility id, css selector, -android uiautomator
[debug] [35m[BaseDriver][39m Waiting up to 0 ms for condition
[debug] [35m[WD Proxy][39m Matched '/elements' to command name 'findElements'
[debug] [35m[WD Proxy][39m Proxying [POST /elements] to [POST http://127.0.0.1:8200/wd/hub/session/0bbf10b1-bd72-455a-97ba-391d3443c6f8/elements] with body: {"strategy":"-android uiautomator","selector":"new UiSelector().resourceId(\"android:id/00000000-0000-00d4-ffff-ffff000005aa\")","context":"","multiple":true}
[debug] [35m[WD Proxy][39m Got response with status 200: {"sessionId":"0bbf10b1-bd72-455a-97ba-391d3443c6f8","value":[]}
[debug] [35m[W3C (5028d3dc)][39m Responding to client with driver.findElements() result: []
[35m[HTTP][39m [37m<-- POST /session/5028d3dc-d5e4-4da9-84a8-65e398ef4c81/elements [39m[32m200[39m [90m59 ms - 12[39m
[35m[HTTP][39m [90m[39m
[35m[HTTP][39m [37m-->[39m [37mPOST[39m [37m/session/5028d3dc-d5e4-4da9-84a8-65e398ef4c81/elements[39m
[35m[HTTP][39m [90m{"using":"css selector","value":"#00000000-0000-00d4-ffff-ffff000005aa"}[39m
[debug] [35m[W3C (5028d3dc)][39m Calling AppiumDriver.findElements() with args: ["css selector","#00000000-0000-00d4-ffff-ffff000005aa","5028d3dc-d5e4-4da9-84a8-65e398ef4c81"]
[debug] [35m[BaseDriver][39m Valid locator strategies for this request: xpath, id, class name, accessibility id, css selector, -android uiautomator
[debug] [35m[BaseDriver][39m Waiting up to 0 ms for condition
[debug] [35m[WD Proxy][39m Matched '/elements' to command name 'findElements'
[debug] [35m[WD Proxy][39m Proxying [POST /elements] to [POST http://127.0.0.1:8200/wd/hub/session/0bbf10b1-bd72-455a-97ba-391d3443c6f8/elements] with body: {"strategy":"-android uiautomator","selector":"new UiSelector().resourceId(\"android:id/00000000-0000-00d4-ffff-ffff000005aa\")","context":"","multiple":true}
[debug] [35m[WD Proxy][39m Got response with status 200: {"sessionId":"0bbf10b1-bd72-455a-97ba-391d3443c6f8","value":[]}
[debug] [35m[W3C (5028d3dc)][39m Responding to client with driver.findElements() result: []
[35m[HTTP][39m [37m<-- POST /session/5028d3dc-d5e4-4da9-84a8-65e398ef4c81/elements [39m[32m200[39m [90m61 ms - 12[39m
[35m[HTTP][39m [90m[39m
[35m[HTTP][39m [37m-->[39m [37mPOST[39m [37m/session/5028d3dc-d5e4-4da9-84a8-65e398ef4c81/elements[39m
[35m[HTTP][39m [90m{"using":"css selector","value":"#00000000-0000-00d4-ffff-ffff000005aa"}[39m
[debug] [35m[W3C (5028d3dc)][39m Calling AppiumDriver.findElements() with args: ["css selector","#00000000-0000-00d4-ffff-ffff000005aa","5028d3dc-d5e4-4da9-84a8-65e398ef4c81"]
[debug] [35m[BaseDriver][39m Valid locator strategies for this request: xpath, id, class name, accessibility id, css selector, -android uiautomator
[debug] [35m[BaseDriver][39m Waiting up to 0 ms for condition
[debug] [35m[WD Proxy][39m Matched '/elements' to command name 'findElements'
[debug] [35m[WD Proxy][39m Proxying [POST /elements] to [POST http://127.0.0.1:8200/wd/hub/session/0bbf10b1-bd72-455a-97ba-391d3443c6f8/elements] with body: {"strategy":"-android uiautomator","selector":"new UiSelector().resourceId(\"android:id/00000000-0000-00d4-ffff-ffff000005aa\")","context":"","multiple":true}
[debug] [35m[WD Proxy][39m Got response with status 200: {"sessionId":"0bbf10b1-bd72-455a-97ba-391d3443c6f8","value":[]}
[debug] [35m[W3C (5028d3dc)][39m Responding to client with driver.findElements() result: []
[35m[HTTP][39m [37m<-- POST /session/5028d3dc-d5e4-4da9-84a8-65e398ef4c81/elements [39m[32m200[39m [90m46 ms - 12[39m
[35m[HTTP][39m [90m[39m
[35m[HTTP][39m [37m-->[39m [37mPOST[39m [37m/session/5028d3dc-d5e4-4da9-84a8-65e398ef4c81/elements[39m
[35m[HTTP][39m [90m{"using":"css selector","value":"#00000000-0000-00d4-ffff-ffff000005aa"}[39m
[debug] [35m[W3C (5028d3dc)][39m Calling AppiumDriver.findElements() with args: ["css selector","#00000000-0000-00d4-ffff-ffff000005aa","5028d3dc-d5e4-4da9-84a8-65e398ef4c81"]
[debug] [35m[BaseDriver][39m Valid locator strategies for this request: xpath, id, class name, accessibility id, css selector, -android uiautomator
[debug] [35m[BaseDriver][39m Waiting up to 0 ms for condition
[debug] [35m[WD Proxy][39m Matched '/elements' to command name 'findElements'
[debug] [35m[WD Proxy][39m Proxying [POST /elements] to [POST http://127.0.0.1:8200/wd/hub/session/0bbf10b1-bd72-455a-97ba-391d3443c6f8/elements] with body: {"strategy":"-android uiautomator","selector":"new UiSelector().resourceId(\"android:id/00000000-0000-00d4-ffff-ffff000005aa\")","context":"","multiple":true}
[debug] [35m[WD Proxy][39m Got response with status 200: {"sessionId":"0bbf10b1-bd72-455a-97ba-391d3443c6f8","value":[]}
[debug] [35m[W3C (5028d3dc)][39m Responding to client with driver.findElements() result: []
[35m[HTTP][39m [37m<-- POST /session/5028d3dc-d5e4-4da9-84a8-65e398ef4c81/elements [39m[32m200[39m [90m63 ms - 12[39m
[35m[HTTP][39m [90m[39m
[35m[HTTP][39m [37m-->[39m [37mPOST[39m [37m/session/5028d3dc-d5e4-4da9-84a8-65e398ef4c81/elements[39m
[35m[HTTP][39m [90m{"using":"css selector","value":"#00000000-0000-00d4-ffff-ffff000005aa"}[39m
[debug] [35m[W3C (5028d3dc)][39m Calling AppiumDriver.findElements() with args: ["css selector","#00000000-0000-00d4-ffff-ffff000005aa","5028d3dc-d5e4-4da9-84a8-65e398ef4c81"]
[debug] [35m[BaseDriver][39m Valid locator strategies for this request: xpath, id, class name, accessibility id, css selector, -android uiautomator
[debug] [35m[BaseDriver][39m Waiting up to 0 ms for condition
[debug] [35m[WD Proxy][39m Matched '/elements' to command name 'findElements'
[debug] [35m[WD Proxy][39m Proxying [POST /elements] to [POST http://127.0.0.1:8200/wd/hub/session/0bbf10b1-bd72-455a-97ba-391d3443c6f8/elements] with body: {"strategy":"-android uiautomator","selector":"new UiSelector().resourceId(\"android:id/00000000-0000-00d4-ffff-ffff000005aa\")","context":"","multiple":true}
[debug] [35m[WD Proxy][39m Got response with status 200: {"sessionId":"0bbf10b1-bd72-455a-97ba-391d3443c6f8","value":[]}
[debug] [35m[W3C (5028d3dc)][39m Responding to client with driver.findElements() result: []
[35m[HTTP][39m [37m<-- POST /session/5028d3dc-d5e4-4da9-84a8-65e398ef4c81/elements [39m[32m200[39m [90m48 ms - 12[39m
[35m[HTTP][39m [90m[39m
[35m[HTTP][39m [37m-->[39m [37mPOST[39m [37m/session/5028d3dc-d5e4-4da9-84a8-65e398ef4c81/elements[39m
[35m[HTTP][39m [90m{"using":"css selector","value":"#00000000-0000-00d4-ffff-ffff000005aa"}[39m
[debug] [35m[W3C (5028d3dc)][39m Calling AppiumDriver.findElements() with args: ["css selector","#00000000-0000-00d4-ffff-ffff000005aa","5028d3dc-d5e4-4da9-84a8-65e398ef4c81"]
[debug] [35m[BaseDriver][39m Valid locator strategies for this request: xpath, id, class name, accessibility id, css selector, -android uiautomator
[debug] [35m[BaseDriver][39m Waiting up to 0 ms for condition
[debug] [35m[WD Proxy][39m Matched '/elements' to command name 'findElements'
[debug] [35m[WD Proxy][39m Proxying [POST /elements] to [POST http://127.0.0.1:8200/wd/hub/session/0bbf10b1-bd72-455a-97ba-391d3443c6f8/elements] with body: {"strategy":"-android uiautomator","selector":"new UiSelector().resourceId(\"android:id/00000000-0000-00d4-ffff-ffff000005aa\")","context":"","multiple":true}
[debug] [35m[WD Proxy][39m Got response with status 200: {"sessionId":"0bbf10b1-bd72-455a-97ba-391d3443c6f8","value":[]}
[debug] [35m[W3C (5028d3dc)][39m Responding to client with driver.findElements() result: []
[35m[HTTP][39m [37m<-- POST /session/5028d3dc-d5e4-4da9-84a8-65e398ef4c81/elements [39m[32m200[39m [90m61 ms - 12[39m
[35m[HTTP][39m [90m[39m
[35m[HTTP][39m [37m-->[39m [37mPOST[39m [37m/session/5028d3dc-d5e4-4da9-84a8-65e398ef4c81/elements[39m
[35m[HTTP][39m [90m{"using":"css selector","value":"#00000000-0000-00d4-ffff-ffff000005aa"}[39m
[debug] [35m[W3C (5028d3dc)][39m Calling AppiumDriver.findElements() with args: ["css selector","#00000000-0000-00d4-ffff-ffff000005aa","5028d3dc-d5e4-4da9-84a8-65e398ef4c81"]
[debug] [35m[BaseDriver][39m Valid locator strategies for this request: xpath, id, class name, accessibility id, css selector, -android uiautomator
[debug] [35m[BaseDriver][39m Waiting up to 0 ms for condition
[debug] [35m[WD Proxy][39m Matched '/elements' to command name 'findElements'
[debug] [35m[WD Proxy][39m Proxying [POST /elements] to [POST http://127.0.0.1:8200/wd/hub/session/0bbf10b1-bd72-455a-97ba-391d3443c6f8/elements] with body: {"strategy":"-android uiautomator","selector":"new UiSelector().resourceId(\"android:id/00000000-0000-00d4-ffff-ffff000005aa\")","context":"","multiple":true}
[debug] [35m[WD Proxy][39m Got response with status 200: {"sessionId":"0bbf10b1-bd72-455a-97ba-391d3443c6f8","value":[]}
[debug] [35m[W3C (5028d3dc)][39m Responding to client with driver.findElements() result: []
[35m[HTTP][39m [37m<-- POST /session/5028d3dc-d5e4-4da9-84a8-65e398ef4c81/elements [39m[32m200[39m [90m70 ms - 12[39m
[35m[HTTP][39m [90m[39m
[35m[HTTP][39m [37m-->[39m [37mPOST[39m [37m/session/5028d3dc-d5e4-4da9-84a8-65e398ef4c81/elements[39m
[35m[HTTP][39m [90m{"using":"css selector","value":"#00000000-0000-00d4-ffff-ffff000005aa"}[39m
[debug] [35m[W3C (5028d3dc)][39m Calling AppiumDriver.findElements() with args: ["css selector","#00000000-0000-00d4-ffff-ffff000005aa","5028d3dc-d5e4-4da9-84a8-65e398ef4c81"]
[debug] [35m[BaseDriver][39m Valid locator strategies for this request: xpath, id, class name, accessibility id, css selector, -android uiautomator
[debug] [35m[BaseDriver][39m Waiting up to 0 ms for condition
[debug] [35m[WD Proxy][39m Matched '/elements' to command name 'findElements'
[debug] [35m[WD Proxy][39m Proxying [POST /elements] to [POST http://127.0.0.1:8200/wd/hub/session/0bbf10b1-bd72-455a-97ba-391d3443c6f8/elements] with body: {"strategy":"-android uiautomator","selector":"new UiSelector().resourceId(\"android:id/00000000-0000-00d4-ffff-ffff000005aa\")","context":"","multiple":true}
[debug] [35m[WD Proxy][39m Got response with status 200: {"sessionId":"0bbf10b1-bd72-455a-97ba-391d3443c6f8","value":[]}
[debug] [35m[W3C (5028d3dc)][39m Responding to client with driver.findElements() result: []
[35m[HTTP][39m [37m<-- POST /session/5028d3dc-d5e4-4da9-84a8-65e398ef4c81/elements [39m[32m200[39m [90m42 ms - 12[39m
[35m[HTTP][39m [90m[39m
[35m[HTTP][39m [37m-->[39m [37mPOST[39m [37m/session/5028d3dc-d5e4-4da9-84a8-65e398ef4c81/elements[39m
[35m[HTTP][39m [90m{"using":"css selector","value":"#00000000-0000-00d4-ffff-ffff000005aa"}[39m
[debug] [35m[W3C (5028d3dc)][39m Calling AppiumDriver.findElements() with args: ["css selector","#00000000-0000-00d4-ffff-ffff000005aa","5028d3dc-d5e4-4da9-84a8-65e398ef4c81"]
[debug] [35m[BaseDriver][39m Valid locator strategies for this request: xpath, id, class name, accessibility id, css selector, -android uiautomator
[debug] [35m[BaseDriver][39m Waiting up to 0 ms for condition
[debug] [35m[WD Proxy][39m Matched '/elements' to command name 'findElements'
[debug] [35m[WD Proxy][39m Proxying [POST /elements] to [POST http://127.0.0.1:8200/wd/hub/session/0bbf10b1-bd72-455a-97ba-391d3443c6f8/elements] with body: {"strategy":"-android uiautomator","selector":"new UiSelector().resourceId(\"android:id/00000000-0000-00d4-ffff-ffff000005aa\")","context":"","multiple":true}
[debug] [35m[WD Proxy][39m Got response with status 200: {"sessionId":"0bbf10b1-bd72-455a-97ba-391d3443c6f8","value":[]}
[debug] [35m[W3C (5028d3dc)][39m Responding to client with driver.findElements() result: []
[35m[HTTP][39m [37m<-- POST /session/5028d3dc-d5e4-4da9-84a8-65e398ef4c81/elements [39m[32m200[39m [90m299 ms - 12[39m
[35m[HTTP][39m [90m[39m
[35m[HTTP][39m [37m-->[39m [37mPOST[39m [37m/session/5028d3dc-d5e4-4da9-84a8-65e398ef4c81/elements[39m
[35m[HTTP][39m [90m{"using":"css selector","value":"#00000000-0000-00d4-ffff-ffff000005aa"}[39m
[debug] [35m[W3C (5028d3dc)][39m Calling AppiumDriver.findElements() with args: ["css selector","#00000000-0000-00d4-ffff-ffff000005aa","5028d3dc-d5e4-4da9-84a8-65e398ef4c81"]
[debug] [35m[BaseDriver][39m Valid locator strategies for this request: xpath, id, class name, accessibility id, css selector, -android uiautomator
[debug] [35m[BaseDriver][39m Waiting up to 0 ms for condition
[debug] [35m[WD Proxy][39m Matched '/elements' to command name 'findElements'
[debug] [35m[WD Proxy][39m Proxying [POST /elements] to [POST http://127.0.0.1:8200/wd/hub/session/0bbf10b1-bd72-455a-97ba-391d3443c6f8/elements] with body: {"strategy":"-android uiautomator","selector":"new UiSelector().resourceId(\"android:id/00000000-0000-00d4-ffff-ffff000005aa\")","context":"","multiple":true}
[debug] [35m[WD Proxy][39m Got response with status 200: {"sessionId":"0bbf10b1-bd72-455a-97ba-391d3443c6f8","value":[]}
[debug] [35m[W3C (5028d3dc)][39m Responding to client with driver.findElements() result: []
[35m[HTTP][39m [37m<-- POST /session/5028d3dc-d5e4-4da9-84a8-65e398ef4c81/elements [39m[32m200[39m [90m66 ms - 12[39m
[35m[HTTP][39m [90m[39m
[35m[HTTP][39m [37m-->[39m [37mPOST[39m [37m/session/5028d3dc-d5e4-4da9-84a8-65e398ef4c81/elements[39m
[35m[HTTP][39m [90m{"using":"css selector","value":"#00000000-0000-00d4-ffff-ffff000005aa"}[39m
[debug] [35m[W3C (5028d3dc)][39m Calling AppiumDriver.findElements() with args: ["css selector","#00000000-0000-00d4-ffff-ffff000005aa","5028d3dc-d5e4-4da9-84a8-65e398ef4c81"]
[debug] [35m[BaseDriver][39m Valid locator strategies for this request: xpath, id, class name, accessibility id, css selector, -android uiautomator
[debug] [35m[BaseDriver][39m Waiting up to 0 ms for condition
[debug] [35m[WD Proxy][39m Matched '/elements' to command name 'findElements'
[debug] [35m[WD Proxy][39m Proxying [POST /elements] to [POST http://127.0.0.1:8200/wd/hub/session/0bbf10b1-bd72-455a-97ba-391d3443c6f8/elements] with body: {"strategy":"-android uiautomator","selector":"new UiSelector().resourceId(\"android:id/00000000-0000-00d4-ffff-ffff000005aa\")","context":"","multiple":true}
[debug] [35m[WD Proxy][39m Got response with status 200: {"sessionId":"0bbf10b1-bd72-455a-97ba-391d3443c6f8","value":[]}
[debug] [35m[W3C (5028d3dc)][39m Responding to client with driver.findElements() result: []
[35m[HTTP][39m [37m<-- POST /session/5028d3dc-d5e4-4da9-84a8-65e398ef4c81/elements [39m[32m200[39m [90m57 ms - 12[39m
[35m[HTTP][39m [90m[39m
[35m[HTTP][39m [37m-->[39m [37mPOST[39m [37m/session/5028d3dc-d5e4-4da9-84a8-65e398ef4c81/elements[39m
[35m[HTTP][39m [90m{"using":"css selector","value":"#00000000-0000-00d4-ffff-ffff000005aa"}[39m
[debug] [35m[W3C (5028d3dc)][39m Calling AppiumDriver.findElements() with args: ["css selector","#00000000-0000-00d4-ffff-ffff000005aa","5028d3dc-d5e4-4da9-84a8-65e398ef4c81"]
[debug] [35m[BaseDriver][39m Valid locator strategies for this request: xpath, id, class name, accessibility id, css selector, -android uiautomator
[debug] [35m[BaseDriver][39m Waiting up to 0 ms for condition
[debug] [35m[WD Proxy][39m Matched '/elements' to command name 'findElements'
[debug] [35m[WD Proxy][39m Proxying [POST /elements] to [POST http://127.0.0.1:8200/wd/hub/session/0bbf10b1-bd72-455a-97ba-391d3443c6f8/elements] with body: {"strategy":"-android uiautomator","selector":"new UiSelector().resourceId(\"android:id/00000000-0000-00d4-ffff-ffff000005aa\")","context":"","multiple":true}
[debug] [35m[WD Proxy][39m Got response with status 200: {"sessionId":"0bbf10b1-bd72-455a-97ba-391d3443c6f8","value":[]}
[debug] [35m[W3C (5028d3dc)][39m Responding to client with driver.findElements() result: []
[35m[HTTP][39m [37m<-- POST /session/5028d3dc-d5e4-4da9-84a8-65e398ef4c81/elements [39m[32m200[39m [90m63 ms - 12[39m
[35m[HTTP][39m [90m[39m
[35m[HTTP][39m [37m-->[39m [37mPOST[39m [37m/session/5028d3dc-d5e4-4da9-84a8-65e398ef4c81/elements[39m
[35m[HTTP][39m [90m{"using":"css selector","value":"#00000000-0000-00d4-ffff-ffff000005aa"}[39m
[debug] [35m[W3C (5028d3dc)][39m Calling AppiumDriver.findElements() with args: ["css selector","#00000000-0000-00d4-ffff-ffff000005aa","5028d3dc-d5e4-4da9-84a8-65e398ef4c81"]
[debug] [35m[BaseDriver][39m Valid locator strategies for this request: xpath, id, class name, accessibility id, css selector, -android uiautomator
[debug] [35m[BaseDriver][39m Waiting up to 0 ms for condition
[debug] [35m[WD Proxy][39m Matched '/elements' to command name 'findElements'
[debug] [35m[WD Proxy][39m Proxying [POST /elements] to [POST http://127.0.0.1:8200/wd/hub/session/0bbf10b1-bd72-455a-97ba-391d3443c6f8/elements] with body: {"strategy":"-android uiautomator","selector":"new UiSelector().resourceId(\"android:id/00000000-0000-00d4-ffff-ffff000005aa\")","context":"","multiple":true}
[debug] [35m[WD Proxy][39m Got response with status 200: {"sessionId":"0bbf10b1-bd72-455a-97ba-391d3443c6f8","value":[]}
[debug] [35m[W3C (5028d3dc)][39m Responding to client with driver.findElements() result: []
[35m[HTTP][39m [37m<-- POST /session/5028d3dc-d5e4-4da9-84a8-65e398ef4c81/elements [39m[32m200[39m [90m54 ms - 12[39m
[35m[HTTP][39m [90m[39m
[35m[HTTP][39m [37m-->[39m [37mPOST[39m [37m/session/5028d3dc-d5e4-4da9-84a8-65e398ef4c81/elements[39m
[35m[HTTP][39m [90m{"using":"css selector","value":"#00000000-0000-00d4-ffff-ffff000005aa"}[39m
[debug] [35m[W3C (5028d3dc)][39m Calling AppiumDriver.findElements() with args: ["css selector","#00000000-0000-00d4-ffff-ffff000005aa","5028d3dc-d5e4-4da9-84a8-65e398ef4c81"]
[debug] [35m[BaseDriver][39m Valid locator strategies for this request: xpath, id, class name, accessibility id, css selector, -android uiautomator
[debug] [35m[BaseDriver][39m Waiting up to 0 ms for condition
[debug] [35m[WD Proxy][39m Matched '/elements' to command name 'findElements'
[debug] [35m[WD Proxy][39m Proxying [POST /elements] to [POST http://127.0.0.1:8200/wd/hub/session/0bbf10b1-bd72-455a-97ba-391d3443c6f8/elements] with body: {"strategy":"-android uiautomator","selector":"new UiSelector().resourceId(\"android:id/00000000-0000-00d4-ffff-ffff000005aa\")","context":"","multiple":true}
[debug] [35m[WD Proxy][39m Got response with status 200: {"sessionId":"0bbf10b1-bd72-455a-97ba-391d3443c6f8","value":[]}
[debug] [35m[W3C (5028d3dc)][39m Responding to client with driver.findElements() result: []
[35m[HTTP][39m [37m<-- POST /session/5028d3dc-d5e4-4da9-84a8-65e398ef4c81/elements [39m[32m200[39m [90m51 ms - 12[39m
[35m[HTTP][39m [90m[39m
[35m[HTTP][39m [37m-->[39m [37mPOST[39m [37m/session/5028d3dc-d5e4-4da9-84a8-65e398ef4c81/elements[39m
[35m[HTTP][39m [90m{"using":"css selector","value":"#00000000-0000-00d4-ffff-ffff000005aa"}[39m
[debug] [35m[W3C (5028d3dc)][39m Calling AppiumDriver.findElements() with args: ["css selector","#00000000-0000-00d4-ffff-ffff000005aa","5028d3dc-d5e4-4da9-84a8-65e398ef4c81"]
[debug] [35m[BaseDriver][39m Valid locator strategies for this request: xpath, id, class name, accessibility id, css selector, -android uiautomator
[debug] [35m[BaseDriver][39m Waiting up to 0 ms for condition
[debug] [35m[WD Proxy][39m Matched '/elements' to command name 'findElements'
[debug] [35m[WD Proxy][39m Proxying [POST /elements] to [POST http://127.0.0.1:8200/wd/hub/session/0bbf10b1-bd72-455a-97ba-391d3443c6f8/elements] with body: {"strategy":"-android uiautomator","selector":"new UiSelector().resourceId(\"android:id/00000000-0000-00d4-ffff-ffff000005aa\")","context":"","multiple":true}
[debug] [35m[WD Proxy][39m Got response with status 200: {"sessionId":"0bbf10b1-bd72-455a-97ba-391d3443c6f8","value":[]}
[debug] [35m[W3C (5028d3dc)][39m Responding to client with driver.findElements() result: []
[35m[HTTP][39m [37m<-- POST /session/5028d3dc-d5e4-4da9-84a8-65e398ef4c81/elements [39m[32m200[39m [90m52 ms - 12[39m
[35m[HTTP][39m [90m[39m
[35m[HTTP][39m [37m-->[39m [37mPOST[39m [37m/session/5028d3dc-d5e4-4da9-84a8-65e398ef4c81/elements[39m
[35m[HTTP][39m [90m{"using":"css selector","value":"#00000000-0000-00d4-ffff-ffff000005aa"}[39m
[debug] [35m[W3C (5028d3dc)][39m Calling AppiumDriver.findElements() with args: ["css selector","#00000000-0000-00d4-ffff-ffff000005aa","5028d3dc-d5e4-4da9-84a8-65e398ef4c81"]
[debug] [35m[BaseDriver][39m Valid locator strategies for this request: xpath, id, class name, accessibility id, css selector, -android uiautomator
[debug] [35m[BaseDriver][39m Waiting up to 0 ms for condition
[debug] [35m[WD Proxy][39m Matched '/elements' to command name 'findElements'
[debug] [35m[WD Proxy][39m Proxying [POST /elements] to [POST http://127.0.0.1:8200/wd/hub/session/0bbf10b1-bd72-455a-97ba-391d3443c6f8/elements] with body: {"strategy":"-android uiautomator","selector":"new UiSelector().resourceId(\"android:id/00000000-0000-00d4-ffff-ffff000005aa\")","context":"","multiple":true}
[debug] [35m[WD Proxy][39m Got response with status 200: {"sessionId":"0bbf10b1-bd72-455a-97ba-391d3443c6f8","value":[]}
[debug] [35m[W3C (5028d3dc)][39m Responding to client with driver.findElements() result: []
[35m[HTTP][39m [37m<-- POST /session/5028d3dc-d5e4-4da9-84a8-65e398ef4c81/elements [39m[32m200[39m [90m52 ms - 12[39m
[35m[HTTP][39m [90m[39m
[35m[HTTP][39m [37m-->[39m [37mPOST[39m [37m/session/5028d3dc-d5e4-4da9-84a8-65e398ef4c81/elements[39m
[35m[HTTP][39m [90m{"using":"css selector","value":"#00000000-0000-00d4-ffff-ffff000005aa"}[39m
[debug] [35m[W3C (5028d3dc)][39m Calling AppiumDriver.findElements() with args: ["css selector","#00000000-0000-00d4-ffff-ffff000005aa","5028d3dc-d5e4-4da9-84a8-65e398ef4c81"]
[debug] [35m[BaseDriver][39m Valid locator strategies for this request: xpath, id, class name, accessibility id, css selector, -android uiautomator
[debug] [35m[BaseDriver][39m Waiting up to 0 ms for condition
[debug] [35m[WD Proxy][39m Matched '/elements' to command name 'findElements'
[debug] [35m[WD Proxy][39m Proxying [POST /elements] to [POST http://127.0.0.1:8200/wd/hub/session/0bbf10b1-bd72-455a-97ba-391d3443c6f8/elements] with body: {"strategy":"-android uiautomator","selector":"new UiSelector().resourceId(\"android:id/00000000-0000-00d4-ffff-ffff000005aa\")","context":"","multiple":true}
[debug] [35m[WD Proxy][39m Got response with status 200: {"sessionId":"0bbf10b1-bd72-455a-97ba-391d3443c6f8","value":[]}
[debug] [35m[W3C (5028d3dc)][39m Responding to client with driver.findElements() result: []
[35m[HTTP][39m [37m<-- POST /session/5028d3dc-d5e4-4da9-84a8-65e398ef4c81/elements [39m[32m200[39m [90m48 ms - 12[39m
[35m[HTTP][39m [90m[39m
[35m[HTTP][39m [37m-->[39m [37mPOST[39m [37m/session/5028d3dc-d5e4-4da9-84a8-65e398ef4c81/elements[39m
[35m[HTTP][39m [90m{"using":"css selector","value":"#00000000-0000-00d4-ffff-ffff000005aa"}[39m
[debug] [35m[W3C (5028d3dc)][39m Calling AppiumDriver.findElements() with args: ["css selector","#00000000-0000-00d4-ffff-ffff000005aa","5028d3dc-d5e4-4da9-84a8-65e398ef4c81"]
[debug] [35m[BaseDriver][39m Valid locator strategies for this request: xpath, id, class name, accessibility id, css selector, -android uiautomator
[debug] [35m[BaseDriver][39m Waiting up to 0 ms for condition
[debug] [35m[WD Proxy][39m Matched '/elements' to command name 'findElements'
[debug] [35m[WD Proxy][39m Proxying [POST /elements] to [POST http://127.0.0.1:8200/wd/hub/session/0bbf10b1-bd72-455a-97ba-391d3443c6f8/elements] with body: {"strategy":"-android uiautomator","selector":"new UiSelector().resourceId(\"android:id/00000000-0000-00d4-ffff-ffff000005aa\")","context":"","multiple":true}
[debug] [35m[WD Proxy][39m Got response with status 200: {"sessionId":"0bbf10b1-bd72-455a-97ba-391d3443c6f8","value":[]}
[debug] [35m[W3C (5028d3dc)][39m Responding to client with driver.findElements() result: []
[35m[HTTP][39m [37m<-- POST /session/5028d3dc-d5e4-4da9-84a8-65e398ef4c81/elements [39m[32m200[39m [90m73 ms - 12[39m
[35m[HTTP][39m [90m[39m
[35m[HTTP][39m [37m-->[39m [37mDELETE[39m [37m/session/5028d3dc-d5e4-4da9-84a8-65e398ef4c81[39m
[35m[HTTP][39m [90m{}[39m
[debug] [35m[W3C (5028d3dc)][39m Calling AppiumDriver.deleteSession() with args: ["5028d3dc-d5e4-4da9-84a8-65e398ef4c81"]
[debug] [35m[BaseDriver][39m Event 'quitSessionRequested' logged at 1680856006132 (11:26:46 GMT+0300 (Eastern European Summer Time))
[35m[Appium][39m Removing session 5028d3dc-d5e4-4da9-84a8-65e398ef4c81 from our master session list
[debug] [35m[UiAutomator2][39m Deleting UiAutomator2 session
[debug] [35m[UiAutomator2][39m Deleting UiAutomator2 server session
[debug] [35m[WD Proxy][39m Matched '/' to command name 'deleteSession'
[debug] [35m[WD Proxy][39m Proxying [DELETE /] to [DELETE http://127.0.0.1:8200/wd/hub/session/0bbf10b1-bd72-455a-97ba-391d3443c6f8] with no body
[debug] [35m[WD Proxy][39m Got response with status 200: {"sessionId":"0bbf10b1-bd72-455a-97ba-391d3443c6f8","value":null}
[debug] [35m[ADB][39m Running 'C:\Users\gaile\AppData\Local\Android\Sdk\platform-tools\adb.exe -P 5037 -s 59d72d07 shell am force-stop com.teliacompany.lt.teliatv'
[debug] [35m[Logcat][39m Stopping logcat capture
[debug] [35m[ADB][39m Removing forwarded port socket connection: 8200 
[debug] [35m[ADB][39m Running 'C:\Users\gaile\AppData\Local\Android\Sdk\platform-tools\adb.exe -P 5037 -s 59d72d07 forward --remove tcp:8200'
[35m[UiAutomator2][39m Restoring hidden api policy to the device default configuration
[debug] [35m[ADB][39m Running 'C:\Users\gaile\AppData\Local\Android\Sdk\platform-tools\adb.exe -P 5037 -s 59d72d07 shell 'settings delete global hidden_api_policy_pre_p_apps;settings delete global hidden_api_policy_p_apps;settings delete global hidden_api_policy''
[debug] [35m[BaseDriver][39m Event 'quitSessionFinished' logged at 1680856006498 (11:26:46 GMT+0300 (Eastern European Summer Time))
[debug] [35m[W3C (5028d3dc)][39m Received response: null
[debug] [35m[W3C (5028d3dc)][39m But deleting session, so not returning
[debug] [35m[W3C (5028d3dc)][39m Responding to client with driver.deleteSession() result: null
[35m[HTTP][39m [37m<-- DELETE /session/5028d3dc-d5e4-4da9-84a8-65e398ef4c81 [39m[32m200[39m [90m367 ms - 14[39m
[35m[HTTP][39m [90m[39m
[debug] [35m[Instrumentation][39m .
[debug] [35m[Instrumentation][39m Time: 15.098
[debug] [35m[Instrumentation][39m 
[debug] [35m[Instrumentation][39m OK (1 test)
